2022-08-18T04:49:00.000 INFO    [3927] CPU.percent  v=  8.70 av=  8.60
2022-08-18T04:49:00.002 INFO    [3927] MEM.percent  v= 45.50 av= 45.50
2022-08-18T04:49:00.002 INFO    [3927] TMP.percent  v=  0.90 av=  0.93
2022-08-18T04:50:00.001 INFO    [3927] CPU.percent  v=  8.00 av=  8.20
2022-08-18T04:50:00.002 INFO    [3927] MEM.percent  v= 45.50 av= 45.50
2022-08-18T04:50:00.007 INFO    [3927] CORE.temp  v= 52.75 av= 52.38
2022-08-18T04:50:00.007 INFO    [3927] TMP.percent  v=  0.90 av=  0.93
2022-08-18T04:51:00.000 INFO    [3927] CPU.percent  v=  9.40 av=  8.70
2022-08-18T04:51:00.001 INFO    [3927] MEM.percent  v= 45.50 av= 45.50
2022-08-18T04:51:00.001 INFO    [3927] TMP.percent  v=  0.90 av=  0.90
2022-08-18T04:52:00.000 INFO    [3927] CPU.percent  v=  7.90 av=  8.43
2022-08-18T04:52:00.001 INFO    [3927] MEM.percent  v= 45.50 av= 45.50
2022-08-18T04:52:00.002 INFO    [3927] TMP.percent  v=  0.90 av=  0.90
2022-08-18T04:53:00.001 INFO    [3927] CPU.percent  v=  8.80 av=  8.70
2022-08-18T04:53:00.001 INFO    [3927] MEM.percent  v= 45.50 av= 45.50
2022-08-18T04:53:00.002 INFO    [3927] TMP.percent  v=  0.90 av=  0.90
2022-08-18T04:54:00.000 INFO    [3927] CPU.percent  v=  8.70 av=  8.47
2022-08-18T04:54:00.001 INFO    [3927] MEM.percent  v= 45.50 av= 45.50
2022-08-18T04:54:00.001 INFO    [3927] TMP.percent  v=  1.00 av=  0.93
2022-08-18T04:55:00.000 INFO    [3927] CPU.percent  v=  6.90 av=  8.13
2022-08-18T04:55:00.001 INFO    [3927] MEM.percent  v= 45.50 av= 45.50
2022-08-18T04:55:00.011 INFO    [3927] CORE.temp  v= 52.50 av= 52.62
2022-08-18T04:55:00.012 INFO    [3927] TMP.percent  v=  1.00 av=  0.97
2022-08-18T04:56:00.001 INFO    [3927] CPU.percent  v=  7.50 av=  7.70
2022-08-18T04:56:00.002 INFO    [3927] MEM.percent  v= 45.50 av= 45.50
2022-08-18T04:56:00.003 INFO    [3927] TMP.percent  v=  1.00 av=  1.00
2022-08-18T04:57:00.001 INFO    [3927] CPU.percent  v=  9.60 av=  8.00
2022-08-18T04:57:00.002 INFO    [3927] MEM.percent  v= 45.50 av= 45.50
2022-08-18T04:57:00.003 INFO    [3927] TMP.percent  v=  1.00 av=  1.00
2022-08-18T04:58:00.002 INFO    [3927] CPU.percent  v=  7.60 av=  8.23
2022-08-18T04:58:00.003 INFO    [3927] MEM.percent  v= 45.50 av= 45.50
2022-08-18T04:58:00.004 INFO    [3927] TMP.percent  v=  1.00 av=  1.00
2022-08-18T04:59:00.001 INFO    [3927] CPU.percent  v=  8.80 av=  8.67
2022-08-18T04:59:00.002 INFO    [3927] MEM.percent  v= 45.50 av= 45.50
2022-08-18T04:59:00.003 INFO    [3927] TMP.percent  v=  1.00 av=  1.00
2022-08-18T05:00:00.002 INFO    [3927] CPU.percent  v=  8.00 av=  8.13
2022-08-18T05:00:00.003 INFO    [3927] MEM.percent  v= 45.50 av= 45.50
2022-08-18T05:00:00.010 INFO    [3927] CORE.temp  v= 53.25 av= 52.88
2022-08-18T05:00:00.011 INFO    [3927] TMP.percent  v=  1.00 av=  1.00
2022-08-18T05:01:00.002 INFO    [3927] CPU.percent  v=  9.00 av=  8.60
2022-08-18T05:01:00.003 INFO    [3927] MEM.percent  v= 45.50 av= 45.50
2022-08-18T05:01:00.004 INFO    [3927] TMP.percent  v=  1.00 av=  1.00
2022-08-18T05:02:00.002 INFO    [3927] CPU.percent  v=  7.60 av=  8.20
2022-08-18T05:02:00.003 INFO    [3927] MEM.percent  v= 45.50 av= 45.50
2022-08-18T05:02:00.004 INFO    [3927] TMP.percent  v=  1.00 av=  1.00
2022-08-18T05:03:00.001 INFO    [3927] CPU.percent  v=  9.40 av=  8.67
2022-08-18T05:03:00.002 INFO    [3927] MEM.percent  v= 45.50 av= 45.50
2022-08-18T05:03:00.003 INFO    [3927] TMP.percent  v=  1.00 av=  1.00
2022-08-18T05:04:00.001 INFO    [3927] CPU.percent  v=  9.50 av=  8.83
2022-08-18T05:04:00.002 INFO    [3927] MEM.percent  v= 45.50 av= 45.50
2022-08-18T05:04:00.003 INFO    [3927] TMP.percent  v=  1.00 av=  1.00
2022-08-18T05:05:00.001 INFO    [3927] CPU.percent  v=  7.10 av=  8.67
2022-08-18T05:05:00.002 INFO    [3927] MEM.percent  v= 45.50 av= 45.50
2022-08-18T05:05:00.009 INFO    [3927] CORE.temp  v= 52.25 av= 52.75
2022-08-18T05:05:00.010 INFO    [3927] TMP.percent  v=  1.00 av=  1.00
2022-08-18T05:06:00.001 INFO    [3927] CPU.percent  v=  7.70 av=  8.10
2022-08-18T05:06:00.002 INFO    [3927] MEM.percent  v= 45.50 av= 45.50
2022-08-18T05:06:00.003 INFO    [3927] TMP.percent  v=  1.00 av=  1.00
2022-08-18T05:07:00.001 INFO    [3927] CPU.percent  v=  9.40 av=  8.07
2022-08-18T05:07:00.002 INFO    [3927] MEM.percent  v= 45.50 av= 45.50
2022-08-18T05:07:00.003 INFO    [3927] TMP.percent  v=  1.00 av=  1.00
2022-08-18T05:08:00.001 INFO    [3927] CPU.percent  v=  7.80 av=  8.30
2022-08-18T05:08:00.002 INFO    [3927] MEM.percent  v= 45.50 av= 45.50
2022-08-18T05:08:00.003 INFO    [3927] TMP.percent  v=  1.00 av=  1.00
2022-08-18T05:09:00.001 INFO    [3927] CPU.percent  v=  8.50 av=  8.57
2022-08-18T05:09:00.002 INFO    [3927] MEM.percent  v= 45.50 av= 45.50
2022-08-18T05:09:00.003 INFO    [3927] TMP.percent  v=  1.00 av=  1.00
2022-08-18T05:10:00.001 INFO    [3927] CPU.percent  v=  7.80 av=  8.03
2022-08-18T05:10:00.002 INFO    [3927] MEM.percent  v= 45.50 av= 45.50
2022-08-18T05:10:00.008 INFO    [3927] CORE.temp  v= 52.75 av= 52.50
2022-08-18T05:10:00.008 INFO    [3927] TMP.percent  v=  1.00 av=  1.00
2022-08-18T05:11:00.000 INFO    [3927] CPU.percent  v=  9.00 av=  8.43
2022-08-18T05:11:00.001 INFO    [3927] MEM.percent  v= 45.50 av= 45.50
2022-08-18T05:11:00.001 INFO    [3927] TMP.percent  v=  1.00 av=  1.00
2022-08-18T05:12:00.000 INFO    [3927] CPU.percent  v=  9.40 av=  8.73
2022-08-18T05:12:00.001 INFO    [3927] MEM.percent  v= 45.50 av= 45.50
2022-08-18T05:12:00.001 INFO    [3927] TMP.percent  v=  1.00 av=  1.00
2022-08-18T05:13:00.000 INFO    [3927] CPU.percent  v=  7.10 av=  8.50
2022-08-18T05:13:00.001 INFO    [3927] MEM.percent  v= 45.50 av= 45.50
2022-08-18T05:13:00.001 INFO    [3927] TMP.percent  v=  1.00 av=  1.00
2022-08-18T05:14:00.001 INFO    [3927] CPU.percent  v= 10.10 av=  8.87
2022-08-18T05:14:00.001 INFO    [3927] MEM.percent  v= 45.50 av= 45.50
2022-08-18T05:14:00.002 INFO    [3927] TMP.percent  v=  1.00 av=  1.00
2022-08-18T05:15:00.000 INFO    [3927] CPU.percent  v=  7.20 av=  8.13
2022-08-18T05:15:00.001 INFO    [3927] MEM.percent  v= 45.50 av= 45.50
2022-08-18T05:15:00.006 INFO    [3927] CORE.temp  v= 52.50 av= 52.62
2022-08-18T05:15:00.006 INFO    [3927] TMP.percent  v=  1.00 av=  1.00
2022-08-18T05:16:00.000 INFO    [3927] CPU.percent  v=  8.20 av=  8.50
2022-08-18T05:16:00.001 INFO    [3927] MEM.percent  v= 45.50 av= 45.50
2022-08-18T05:16:00.001 INFO    [3927] TMP.percent  v=  1.00 av=  1.00
2022-08-18T05:17:00.000 INFO    [3927] CPU.percent  v=  9.00 av=  8.13
2022-08-18T05:17:00.001 INFO    [3927] MEM.percent  v= 45.50 av= 45.50
2022-08-18T05:17:00.001 INFO    [3927] TMP.percent  v=  1.00 av=  1.00
2022-08-18T05:18:00.000 INFO    [3927] CPU.percent  v=  7.90 av=  8.37
2022-08-18T05:18:00.001 INFO    [3927] MEM.percent  v= 45.50 av= 45.50
2022-08-18T05:18:00.001 INFO    [3927] TMP.percent  v=  1.00 av=  1.00
2022-08-18T05:19:00.000 INFO    [3927] CPU.percent  v=  9.50 av=  8.80
2022-08-18T05:19:00.001 INFO    [3927] MEM.percent  v= 45.50 av= 45.50
2022-08-18T05:19:00.001 INFO    [3927] TMP.percent  v=  1.00 av=  1.00
2022-08-18T05:20:00.000 INFO    [3927] CPU.percent  v=  7.70 av=  8.37
2022-08-18T05:20:00.001 INFO    [3927] MEM.percent  v= 45.50 av= 45.50
2022-08-18T05:20:00.006 INFO    [3927] CORE.temp  v= 52.25 av= 52.38
2022-08-18T05:20:00.007 INFO    [3927] TMP.percent  v=  1.00 av=  1.00
2022-08-18T05:21:00.000 INFO    [3927] CPU.percent  v=  8.30 av=  8.50
2022-08-18T05:21:00.001 INFO    [3927] MEM.percent  v= 45.50 av= 45.50
2022-08-18T05:21:00.001 INFO    [3927] TMP.percent  v=  1.00 av=  1.00
2022-08-18T05:22:00.000 INFO    [3927] CPU.percent  v=  7.50 av=  7.83
2022-08-18T05:22:00.001 INFO    [3927] MEM.percent  v= 45.50 av= 45.50
2022-08-18T05:22:00.001 INFO    [3927] TMP.percent  v=  1.00 av=  1.00
2022-08-18T05:23:00.001 INFO    [3927] CPU.percent  v=  8.90 av=  8.23
2022-08-18T05:23:00.001 INFO    [3927] MEM.percent  v= 45.50 av= 45.50
2022-08-18T05:23:00.001 INFO    [3927] TMP.percent  v=  1.00 av=  1.00
2022-08-18T05:24:00.000 INFO    [3927] CPU.percent  v=  9.00 av=  8.47
2022-08-18T05:24:00.001 INFO    [3927] MEM.percent  v= 45.50 av= 45.50
2022-08-18T05:24:00.001 INFO    [3927] TMP.percent  v=  1.00 av=  1.00
2022-08-18T05:25:00.000 INFO    [3927] CPU.percent  v=  6.90 av=  8.27
2022-08-18T05:25:00.001 INFO    [3927] MEM.percent  v= 45.50 av= 45.50
2022-08-18T05:25:00.006 INFO    [3927] CORE.temp  v= 52.25 av= 52.25
2022-08-18T05:25:00.006 INFO    [3927] TMP.percent  v=  1.00 av=  1.00
2022-08-18T05:26:00.000 INFO    [3927] CPU.percent  v=  9.30 av=  8.40
2022-08-18T05:26:00.001 INFO    [3927] MEM.percent  v= 45.50 av= 45.50
2022-08-18T05:26:00.001 INFO    [3927] TMP.percent  v=  1.00 av=  1.00
2022-08-18T05:27:00.000 INFO    [3927] CPU.percent  v=  8.00 av=  8.07
2022-08-18T05:27:00.001 INFO    [3927] MEM.percent  v= 45.50 av= 45.50
2022-08-18T05:27:00.002 INFO    [3927] TMP.percent  v=  1.00 av=  1.00
2022-08-18T05:28:00.001 INFO    [3927] CPU.percent  v=  7.80 av=  8.37
2022-08-18T05:28:00.001 INFO    [3927] MEM.percent  v= 45.50 av= 45.50
2022-08-18T05:28:00.002 INFO    [3927] TMP.percent  v=  1.00 av=  1.00
2022-08-18T05:29:00.000 INFO    [3927] CPU.percent  v=  8.40 av=  8.07
2022-08-18T05:29:00.001 INFO    [3927] MEM.percent  v= 45.50 av= 45.50
2022-08-18T05:29:00.001 INFO    [3927] TMP.percent  v=  1.00 av=  1.00
2022-08-18T05:30:00.000 INFO    [3927] CPU.percent  v=  7.70 av=  7.97
2022-08-18T05:30:00.001 INFO    [3927] MEM.percent  v= 45.50 av= 45.50
2022-08-18T05:30:00.009 INFO    [3927] CORE.temp  v= 52.50 av= 52.38
2022-08-18T05:30:00.010 INFO    [3927] TMP.percent  v=  1.00 av=  1.00
2022-08-18T05:31:00.001 INFO    [3927] CPU.percent  v=  8.50 av=  8.20
2022-08-18T05:31:00.001 INFO    [3927] MEM.percent  v= 45.50 av= 45.50
2022-08-18T05:31:00.002 INFO    [3927] TMP.percent  v=  1.00 av=  1.00
2022-08-18T05:32:00.000 INFO    [3927] CPU.percent  v=  8.30 av=  8.17
2022-08-18T05:32:00.001 INFO    [3927] MEM.percent  v= 45.50 av= 45.50
2022-08-18T05:32:00.001 INFO    [3927] TMP.percent  v=  1.00 av=  1.00
2022-08-18T05:33:00.000 INFO    [3927] CPU.percent  v=  9.60 av=  8.80
2022-08-18T05:33:00.001 INFO    [3927] MEM.percent  v= 45.50 av= 45.50
2022-08-18T05:33:00.001 INFO    [3927] TMP.percent  v=  1.00 av=  1.00
2022-08-18T05:34:00.000 INFO    [3927] CPU.percent  v= 10.20 av=  9.37
2022-08-18T05:34:00.001 INFO    [3927] MEM.percent  v= 45.50 av= 45.50
2022-08-18T05:34:00.001 INFO    [3927] TMP.percent  v=  1.00 av=  1.00
2022-08-18T05:35:00.000 INFO    [3927] CPU.percent  v=  7.20 av=  9.00
2022-08-18T05:35:00.001 INFO    [3927] MEM.percent  v= 45.50 av= 45.50
2022-08-18T05:35:00.006 INFO    [3927] CORE.temp  v= 52.25 av= 52.38
2022-08-18T05:35:00.006 INFO    [3927] TMP.percent  v=  1.00 av=  1.00
2022-08-18T05:36:00.000 INFO    [3927] CPU.percent  v=  7.70 av=  8.37
2022-08-18T05:36:00.001 INFO    [3927] MEM.percent  v= 45.50 av= 45.50
2022-08-18T05:36:00.002 INFO    [3927] TMP.percent  v=  1.00 av=  1.00
2022-08-18T05:37:00.000 INFO    [3927] CPU.percent  v=  8.70 av=  7.87
2022-08-18T05:37:00.001 INFO    [3927] MEM.percent  v= 45.50 av= 45.50
2022-08-18T05:37:00.001 INFO    [3927] TMP.percent  v=  1.00 av=  1.00
2022-08-18T05:38:00.000 INFO    [3927] CPU.percent  v=  7.80 av=  8.07
2022-08-18T05:38:00.001 INFO    [3927] MEM.percent  v= 45.50 av= 45.50
2022-08-18T05:38:00.001 INFO    [3927] TMP.percent  v=  1.00 av=  1.00
2022-08-18T05:39:00.000 INFO    [3927] CPU.percent  v=  8.50 av=  8.33
2022-08-18T05:39:00.001 INFO    [3927] MEM.percent  v= 45.50 av= 45.50
2022-08-18T05:39:00.001 INFO    [3927] TMP.percent  v=  1.00 av=  1.00
2022-08-18T05:40:00.000 INFO    [3927] CPU.percent  v=  7.70 av=  8.00
2022-08-18T05:40:00.001 INFO    [3927] MEM.percent  v= 45.50 av= 45.50
2022-08-18T05:40:00.010 INFO    [3927] CORE.temp  v= 52.50 av= 52.38
2022-08-18T05:40:00.010 INFO    [3927] TMP.percent  v=  1.00 av=  1.00
2022-08-18T05:41:00.001 INFO    [3927] CPU.percent  v=  8.90 av=  8.37
2022-08-18T05:41:00.001 INFO    [3927] MEM.percent  v= 45.50 av= 45.50
2022-08-18T05:41:00.002 INFO    [3927] TMP.percent  v=  1.00 av=  1.00
2022-08-18T05:42:00.000 INFO    [3927] CPU.percent  v= 10.00 av=  8.87
2022-08-18T05:42:00.001 INFO    [3927] MEM.percent  v= 45.50 av= 45.50
2022-08-18T05:42:00.001 INFO    [3927] TMP.percent  v=  1.00 av=  1.00
2022-08-18T05:43:00.000 INFO    [3927] CPU.percent  v=  7.40 av=  8.77
2022-08-18T05:43:00.001 INFO    [3927] MEM.percent  v= 45.50 av= 45.50
2022-08-18T05:43:00.001 INFO    [3927] TMP.percent  v=  1.00 av=  1.00
2022-08-18T05:44:00.000 INFO    [3927] CPU.percent  v= 10.40 av=  9.27
2022-08-18T05:44:00.001 INFO    [3927] MEM.percent  v= 45.50 av= 45.50
2022-08-18T05:44:00.001 INFO    [3927] TMP.percent  v=  1.00 av=  1.00
2022-08-18T05:45:00.000 INFO    [3927] CPU.percent  v=  7.10 av=  8.30
2022-08-18T05:45:00.001 INFO    [3927] MEM.percent  v= 45.50 av= 45.50
2022-08-18T05:45:00.006 INFO    [3927] CORE.temp  v= 52.50 av= 52.50
2022-08-18T05:45:00.006 INFO    [3927] TMP.percent  v=  1.00 av=  1.00
2022-08-18T05:46:00.000 INFO    [3927] CPU.percent  v=  7.40 av=  8.30
2022-08-18T05:46:00.001 INFO    [3927] MEM.percent  v= 45.50 av= 45.50
2022-08-18T05:46:00.001 INFO    [3927] TMP.percent  v=  1.00 av=  1.00
2022-08-18T05:47:00.000 INFO    [3927] CPU.percent  v=  9.00 av=  7.83
2022-08-18T05:47:00.001 INFO    [3927] MEM.percent  v= 45.50 av= 45.50
2022-08-18T05:47:00.001 INFO    [3927] TMP.percent  v=  1.00 av=  1.00
2022-08-18T05:48:00.000 INFO    [3927] CPU.percent  v=  7.80 av=  8.07
2022-08-18T05:48:00.001 INFO    [3927] MEM.percent  v= 45.50 av= 45.50
2022-08-18T05:48:00.001 INFO    [3927] TMP.percent  v=  1.00 av=  1.00
2022-08-18T05:49:00.000 INFO    [3927] CPU.percent  v=  8.50 av=  8.43
2022-08-18T05:49:00.001 INFO    [3927] MEM.percent  v= 45.50 av= 45.50
2022-08-18T05:49:00.001 INFO    [3927] TMP.percent  v=  1.00 av=  1.00
2022-08-18T05:50:00.000 INFO    [3927] CPU.percent  v=  7.90 av=  8.07
2022-08-18T05:50:00.001 INFO    [3927] MEM.percent  v= 45.50 av= 45.50
2022-08-18T05:50:00.007 INFO    [3927] CORE.temp  v= 53.00 av= 52.75
2022-08-18T05:50:00.007 INFO    [3927] TMP.percent  v=  1.00 av=  1.00
2022-08-18T05:51:00.000 INFO    [3927] CPU.percent  v=  9.70 av=  8.70
2022-08-18T05:51:00.001 INFO    [3927] MEM.percent  v= 45.50 av= 45.50
2022-08-18T05:51:00.001 INFO    [3927] TMP.percent  v=  1.00 av=  1.00
2022-08-18T05:52:00.000 INFO    [3927] CPU.percent  v=  8.00 av=  8.53
2022-08-18T05:52:00.001 INFO    [3927] MEM.percent  v= 45.50 av= 45.50
2022-08-18T05:52:00.001 INFO    [3927] TMP.percent  v=  1.00 av=  1.00
2022-08-18T05:53:00.000 INFO    [3927] CPU.percent  v=  9.60 av=  9.10
2022-08-18T05:53:00.001 INFO    [3927] MEM.percent  v= 45.50 av= 45.50
2022-08-18T05:53:00.001 INFO    [3927] TMP.percent  v=  1.00 av=  1.00
2022-08-18T05:54:00.001 INFO    [3927] CPU.percent  v=  9.00 av=  8.87
2022-08-18T05:54:00.001 INFO    [3927] MEM.percent  v= 45.50 av= 45.50
2022-08-18T05:54:00.002 INFO    [3927] TMP.percent  v=  1.00 av=  1.00
2022-08-18T05:55:00.000 INFO    [3927] CPU.percent  v=  7.10 av=  8.57
2022-08-18T05:55:00.001 INFO    [3927] MEM.percent  v= 45.50 av= 45.50
2022-08-18T05:55:00.006 INFO    [3927] CORE.temp  v= 52.75 av= 52.88
2022-08-18T05:55:00.006 INFO    [3927] TMP.percent  v=  1.00 av=  1.00
2022-08-18T05:56:00.000 INFO    [3927] CPU.percent  v=  7.90 av=  8.00
2022-08-18T05:56:00.001 INFO    [3927] MEM.percent  v= 45.50 av= 45.50
2022-08-18T05:56:00.001 INFO    [3927] TMP.percent  v=  1.00 av=  1.00
2022-08-18T05:57:00.000 INFO    [3927] CPU.percent  v=  8.90 av=  7.97
2022-08-18T05:57:00.001 INFO    [3927] MEM.percent  v= 45.50 av= 45.50
2022-08-18T05:57:00.001 INFO    [3927] TMP.percent  v=  1.00 av=  1.00
2022-08-18T05:58:00.000 INFO    [3927] CPU.percent  v=  7.90 av=  8.23
2022-08-18T05:58:00.001 INFO    [3927] MEM.percent  v= 45.50 av= 45.50
2022-08-18T05:58:00.001 INFO    [3927] TMP.percent  v=  1.00 av=  1.00
2022-08-18T05:59:00.000 INFO    [3927] CPU.percent  v=  9.30 av=  8.70
2022-08-18T05:59:00.001 INFO    [3927] MEM.percent  v= 45.50 av= 45.50
2022-08-18T05:59:00.001 INFO    [3927] TMP.percent  v=  0.90 av=  0.97
2022-08-18T06:00:00.000 INFO    [3927] CPU.percent  v=  8.40 av=  8.53
2022-08-18T06:00:00.001 INFO    [3927] MEM.percent  v= 45.50 av= 45.50
2022-08-18T06:00:00.006 INFO    [3927] CORE.temp  v= 52.50 av= 52.62
2022-08-18T06:00:00.007 INFO    [3927] TMP.percent  v=  0.90 av=  0.93
2022-08-18T06:01:00.000 INFO    [3927] CPU.percent  v=  9.90 av=  9.20
2022-08-18T06:01:00.001 INFO    [3927] MEM.percent  v= 45.50 av= 45.50
2022-08-18T06:01:00.002 INFO    [3927] TMP.percent  v=  0.90 av=  0.90
2022-08-18T06:02:00.000 INFO    [3927] CPU.percent  v=  8.00 av=  8.77
2022-08-18T06:02:00.001 INFO    [3927] MEM.percent  v= 45.50 av= 45.50
2022-08-18T06:02:00.002 INFO    [3927] TMP.percent  v=  0.90 av=  0.90
2022-08-18T06:03:00.000 INFO    [3927] CPU.percent  v=  9.10 av=  9.00
2022-08-18T06:03:00.001 INFO    [3927] MEM.percent  v= 45.40 av= 45.47
2022-08-18T06:03:00.001 INFO    [3927] TMP.percent  v=  0.90 av=  0.90
2022-08-18T06:04:00.000 INFO    [3927] CPU.percent  v= 10.10 av=  9.07
2022-08-18T06:04:00.001 INFO    [3927] MEM.percent  v= 45.50 av= 45.47
2022-08-18T06:04:00.001 INFO    [3927] TMP.percent  v=  0.90 av=  0.90
2022-08-18T06:05:00.000 INFO    [3927] CPU.percent  v=  7.70 av=  8.97
2022-08-18T06:05:00.000 INFO    [3927] MEM.percent  v= 45.50 av= 45.47
2022-08-18T06:05:00.005 INFO    [3927] CORE.temp  v= 52.75 av= 52.62
2022-08-18T06:05:00.006 INFO    [3927] TMP.percent  v=  0.90 av=  0.90
2022-08-18T06:06:00.000 INFO    [3927] CPU.percent  v= 10.10 av=  9.30
2022-08-18T06:06:00.001 INFO    [3927] MEM.percent  v= 45.50 av= 45.50
2022-08-18T06:06:00.001 INFO    [3927] TMP.percent  v=  0.90 av=  0.90
2022-08-18T06:07:00.000 INFO    [3927] CPU.percent  v= 12.50 av= 10.10
2022-08-18T06:07:00.001 INFO    [3927] MEM.percent  v= 45.50 av= 45.50
2022-08-18T06:07:00.001 INFO    [3927] TMP.percent  v=  0.90 av=  0.90
2022-08-18T06:08:00.000 INFO    [3927] CPU.percent  v=  8.30 av= 10.30
2022-08-18T06:08:00.001 INFO    [3927] MEM.percent  v= 45.50 av= 45.50
2022-08-18T06:08:00.001 INFO    [3927] TMP.percent  v=  0.90 av=  0.90
2022-08-18T06:09:00.000 INFO    [3927] CPU.percent  v=  8.60 av=  9.80
2022-08-18T06:09:00.001 INFO    [3927] MEM.percent  v= 45.50 av= 45.50
2022-08-18T06:09:00.001 INFO    [3927] TMP.percent  v=  0.90 av=  0.90
2022-08-18T06:10:00.000 INFO    [3927] CPU.percent  v=  7.90 av=  8.27
2022-08-18T06:10:00.001 INFO    [3927] MEM.percent  v= 45.50 av= 45.50
2022-08-18T06:10:00.006 INFO    [3927] CORE.temp  v= 52.50 av= 52.62
2022-08-18T06:10:00.006 INFO    [3927] TMP.percent  v=  0.90 av=  0.90
2022-08-18T06:11:00.000 INFO    [3927] CPU.percent  v=  8.80 av=  8.43
2022-08-18T06:11:00.001 INFO    [3927] MEM.percent  v= 45.50 av= 45.50
2022-08-18T06:11:00.001 INFO    [3927] TMP.percent  v=  1.00 av=  0.93
2022-08-18T06:12:00.000 INFO    [3927] CPU.percent  v=  9.90 av=  8.87
2022-08-18T06:12:00.001 INFO    [3927] MEM.percent  v= 45.50 av= 45.50
2022-08-18T06:12:00.001 INFO    [3927] TMP.percent  v=  1.00 av=  0.97
2022-08-18T06:13:00.000 INFO    [3927] CPU.percent  v=  7.40 av=  8.70
2022-08-18T06:13:00.001 INFO    [3927] MEM.percent  v= 45.50 av= 45.50
2022-08-18T06:13:00.001 INFO    [3927] TMP.percent  v=  1.00 av=  1.00
2022-08-18T06:14:00.000 INFO    [3927] CPU.percent  v=  9.10 av=  8.80
2022-08-18T06:14:00.001 INFO    [3927] MEM.percent  v= 45.50 av= 45.50
2022-08-18T06:14:00.001 INFO    [3927] TMP.percent  v=  1.00 av=  1.00
2022-08-18T06:15:00.000 INFO    [3927] CPU.percent  v=  8.40 av=  8.30
2022-08-18T06:15:00.001 INFO    [3927] MEM.percent  v= 45.50 av= 45.50
2022-08-18T06:15:00.007 INFO    [3927] CORE.temp  v= 52.50 av= 52.50
2022-08-18T06:15:00.007 INFO    [3927] TMP.percent  v=  1.00 av=  1.00
2022-08-18T06:16:00.001 INFO    [3927] CPU.percent  v=  7.60 av=  8.37
2022-08-18T06:16:00.001 INFO    [3927] MEM.percent  v= 45.50 av= 45.50
2022-08-18T06:16:00.002 INFO    [3927] TMP.percent  v=  1.00 av=  1.00
2022-08-18T06:17:00.000 INFO    [3927] CPU.percent  v=  8.90 av=  8.30
2022-08-18T06:17:00.001 INFO    [3927] MEM.percent  v= 45.50 av= 45.50
2022-08-18T06:17:00.001 INFO    [3927] TMP.percent  v=  1.00 av=  1.00
2022-08-18T06:18:00.000 INFO    [3927] CPU.percent  v=  7.90 av=  8.13
2022-08-18T06:18:00.001 INFO    [3927] MEM.percent  v= 45.50 av= 45.50
2022-08-18T06:18:00.001 INFO    [3927] TMP.percent  v=  1.00 av=  1.00
2022-08-18T06:19:00.000 INFO    [3927] CPU.percent  v=  8.60 av=  8.47
2022-08-18T06:19:00.001 INFO    [3927] MEM.percent  v= 45.50 av= 45.50
2022-08-18T06:19:00.001 INFO    [3927] TMP.percent  v=  1.00 av=  1.00
2022-08-18T06:20:00.000 INFO    [3927] CPU.percent  v=  7.70 av=  8.07
2022-08-18T06:20:00.001 INFO    [3927] MEM.percent  v= 45.50 av= 45.50
2022-08-18T06:20:00.005 INFO    [3927] CORE.temp  v= 52.50 av= 52.50
2022-08-18T06:20:00.006 INFO    [3927] TMP.percent  v=  1.00 av=  1.00
2022-08-18T06:21:00.001 INFO    [3927] CPU.percent  v=  8.70 av=  8.33
2022-08-18T06:21:00.001 INFO    [3927] MEM.percent  v= 45.50 av= 45.50
2022-08-18T06:21:00.002 INFO    [3927] TMP.percent  v=  1.00 av=  1.00
2022-08-18T06:22:00.001 INFO    [3927] CPU.percent  v=  7.60 av=  8.00
2022-08-18T06:22:00.001 INFO    [3927] MEM.percent  v= 45.50 av= 45.50
2022-08-18T06:22:00.002 INFO    [3927] TMP.percent  v=  1.00 av=  1.00
2022-08-18T06:23:00.000 INFO    [3927] CPU.percent  v=  8.80 av=  8.37
2022-08-18T06:23:00.001 INFO    [3927] MEM.percent  v= 45.50 av= 45.50
2022-08-18T06:23:00.001 INFO    [3927] TMP.percent  v=  1.00 av=  1.00
2022-08-18T06:24:00.000 INFO    [3927] CPU.percent  v=  9.00 av=  8.47
2022-08-18T06:24:00.001 INFO    [3927] MEM.percent  v= 45.50 av= 45.50
2022-08-18T06:24:00.001 INFO    [3927] TMP.percent  v=  1.00 av=  1.00
2022-08-18T06:25:00.001 INFO    [3927] CPU.percent  v=  7.40 av=  8.40
2022-08-18T06:25:00.001 INFO    [3927] MEM.percent  v= 45.50 av= 45.50
2022-08-18T06:25:00.010 INFO    [3927] CORE.temp  v= 52.00 av= 52.25
2022-08-18T06:25:00.011 INFO    [3927] TMP.percent  v=  1.00 av=  1.00
2022-08-18T06:26:00.001 INFO    [3927] CPU.percent  v=  7.60 av=  8.00
2022-08-18T06:26:00.001 INFO    [3927] MEM.percent  v= 45.50 av= 45.50
2022-08-18T06:26:00.001 INFO    [3927] TMP.percent  v=  1.00 av=  1.00
2022-08-18T06:27:00.000 INFO    [3927] CPU.percent  v=  8.70 av=  7.90
2022-08-18T06:27:00.001 INFO    [3927] MEM.percent  v= 45.50 av= 45.50
2022-08-18T06:27:00.001 INFO    [3927] TMP.percent  v=  1.00 av=  1.00
2022-08-18T06:28:00.000 INFO    [3927] CPU.percent  v=  7.50 av=  7.93
2022-08-18T06:28:00.001 INFO    [3927] MEM.percent  v= 45.50 av= 45.50
2022-08-18T06:28:00.001 INFO    [3927] TMP.percent  v=  1.00 av=  1.00
2022-08-18T06:29:00.000 INFO    [3927] CPU.percent  v=  8.50 av=  8.23
2022-08-18T06:29:00.001 INFO    [3927] MEM.percent  v= 45.50 av= 45.50
2022-08-18T06:29:00.001 INFO    [3927] TMP.percent  v=  1.00 av=  1.00
2022-08-18T06:30:00.000 INFO    [3927] CPU.percent  v=  7.70 av=  7.90
2022-08-18T06:30:00.001 INFO    [3927] MEM.percent  v= 45.50 av= 45.50
2022-08-18T06:30:00.006 INFO    [3927] CORE.temp  v= 52.25 av= 52.12
2022-08-18T06:30:00.007 INFO    [3927] TMP.percent  v=  1.00 av=  1.00
2022-08-18T06:31:00.000 INFO    [3927] CPU.percent  v=  8.70 av=  8.30
2022-08-18T06:31:00.001 INFO    [3927] MEM.percent  v= 45.50 av= 45.50
2022-08-18T06:31:00.002 INFO    [3927] TMP.percent  v=  1.00 av=  1.00
2022-08-18T06:32:00.000 INFO    [3927] CPU.percent  v=  7.60 av=  8.00
2022-08-18T06:32:00.001 INFO    [3927] MEM.percent  v= 45.50 av= 45.50
2022-08-18T06:32:00.001 INFO    [3927] TMP.percent  v=  1.00 av=  1.00
2022-08-18T06:33:00.001 INFO    [3927] CPU.percent  v=  8.70 av=  8.33
2022-08-18T06:33:00.001 INFO    [3927] MEM.percent  v= 45.50 av= 45.50
2022-08-18T06:33:00.002 INFO    [3927] TMP.percent  v=  1.00 av=  1.00
2022-08-18T06:34:00.000 INFO    [3927] CPU.percent  v=  8.70 av=  8.33
2022-08-18T06:34:00.001 INFO    [3927] MEM.percent  v= 45.50 av= 45.50
2022-08-18T06:34:00.001 INFO    [3927] TMP.percent  v=  1.00 av=  1.00
2022-08-18T06:35:00.000 INFO    [3927] CPU.percent  v=  7.10 av=  8.17
2022-08-18T06:35:00.001 INFO    [3927] MEM.percent  v= 45.50 av= 45.50
2022-08-18T06:35:00.007 INFO    [3927] CORE.temp  v= 52.00 av= 52.12
2022-08-18T06:35:00.008 INFO    [3927] TMP.percent  v=  1.00 av=  1.00
2022-08-18T06:36:00.000 INFO    [3927] CPU.percent  v=  7.40 av=  7.73
2022-08-18T06:36:00.001 INFO    [3927] MEM.percent  v= 45.50 av= 45.50
2022-08-18T06:36:00.001 INFO    [3927] TMP.percent  v=  1.00 av=  1.00
2022-08-18T06:37:00.000 INFO    [3927] CPU.percent  v=  8.40 av=  7.63
2022-08-18T06:37:00.001 INFO    [3927] MEM.percent  v= 45.50 av= 45.50
2022-08-18T06:37:00.001 INFO    [3927] TMP.percent  v=  1.00 av=  1.00
2022-08-18T06:38:00.000 INFO    [3927] CPU.percent  v=  8.00 av=  7.93
2022-08-18T06:38:00.001 INFO    [3927] MEM.percent  v= 45.50 av= 45.50
2022-08-18T06:38:00.001 INFO    [3927] TMP.percent  v=  1.00 av=  1.00
2022-08-18T06:39:00.000 INFO    [3927] CPU.percent  v=  8.50 av=  8.30
2022-08-18T06:39:00.001 INFO    [3927] MEM.percent  v= 45.50 av= 45.50
2022-08-18T06:39:00.001 INFO    [3927] TMP.percent  v=  1.00 av=  1.00
2022-08-18T06:40:00.000 INFO    [3927] CPU.percent  v=  7.80 av=  8.10
2022-08-18T06:40:00.001 INFO    [3927] MEM.percent  v= 45.50 av= 45.50
2022-08-18T06:40:00.010 INFO    [3927] CORE.temp  v= 52.25 av= 52.12
2022-08-18T06:40:00.010 INFO    [3927] TMP.percent  v=  1.00 av=  1.00
2022-08-18T06:41:00.000 INFO    [3927] CPU.percent  v=  8.90 av=  8.40
2022-08-18T06:41:00.001 INFO    [3927] MEM.percent  v= 45.50 av= 45.50
2022-08-18T06:41:00.001 INFO    [3927] TMP.percent  v=  1.00 av=  1.00
2022-08-18T06:42:00.000 INFO    [3927] CPU.percent  v=  9.60 av=  8.77
2022-08-18T06:42:00.001 INFO    [3927] MEM.percent  v= 45.50 av= 45.50
2022-08-18T06:42:00.001 INFO    [3927] TMP.percent  v=  1.00 av=  1.00
2022-08-18T06:43:00.000 INFO    [3927] CPU.percent  v=  7.50 av=  8.67
2022-08-18T06:43:00.001 INFO    [3927] MEM.percent  v= 45.50 av= 45.50
2022-08-18T06:43:00.001 INFO    [3927] TMP.percent  v=  1.00 av=  1.00
2022-08-18T06:44:00.001 INFO    [3927] CPU.percent  v=  9.80 av=  8.97
2022-08-18T06:44:00.001 INFO    [3927] MEM.percent  v= 45.50 av= 45.50
2022-08-18T06:44:00.002 INFO    [3927] TMP.percent  v=  1.00 av=  1.00
2022-08-18T06:45:00.000 INFO    [3927] CPU.percent  v=  7.60 av=  8.30
2022-08-18T06:45:00.001 INFO    [3927] MEM.percent  v= 45.50 av= 45.50
2022-08-18T06:45:00.010 INFO    [3927] CORE.temp  v= 52.50 av= 52.38
2022-08-18T06:45:00.010 INFO    [3927] TMP.percent  v=  1.00 av=  1.00
2022-08-18T06:46:00.000 INFO    [3927] CPU.percent  v=  8.30 av=  8.57
2022-08-18T06:46:00.001 INFO    [3927] MEM.percent  v= 45.50 av= 45.50
2022-08-18T06:46:00.001 INFO    [3927] TMP.percent  v=  1.00 av=  1.00
2022-08-18T06:47:00.000 INFO    [3927] CPU.percent  v= 10.20 av=  8.70
2022-08-18T06:47:00.001 INFO    [3927] MEM.percent  v= 45.50 av= 45.50
2022-08-18T06:47:00.001 INFO    [3927] TMP.percent  v=  1.00 av=  1.00
2022-08-18T06:48:00.000 INFO    [3927] CPU.percent  v=  8.30 av=  8.93
2022-08-18T06:48:00.001 INFO    [3927] MEM.percent  v= 45.50 av= 45.50
2022-08-18T06:48:00.001 INFO    [3927] TMP.percent  v=  1.00 av=  1.00
2022-08-18T06:49:00.000 INFO    [3927] CPU.percent  v= 10.20 av=  9.57
2022-08-18T06:49:00.001 INFO    [3927] MEM.percent  v= 45.50 av= 45.50
2022-08-18T06:49:00.001 INFO    [3927] TMP.percent  v=  1.00 av=  1.00
2022-08-18T06:50:00.000 INFO    [3927] CPU.percent  v=  8.00 av=  8.83
2022-08-18T06:50:00.001 INFO    [3927] MEM.percent  v= 45.50 av= 45.50
2022-08-18T06:50:00.006 INFO    [3927] CORE.temp  v= 52.50 av= 52.50
2022-08-18T06:50:00.007 INFO    [3927] TMP.percent  v=  1.00 av=  1.00
2022-08-18T06:51:00.000 INFO    [3927] CPU.percent  v=  8.90 av=  9.03
2022-08-18T06:51:00.001 INFO    [3927] MEM.percent  v= 45.50 av= 45.50
2022-08-18T06:51:00.001 INFO    [3927] TMP.percent  v=  1.00 av=  1.00
2022-08-18T06:52:00.000 INFO    [3927] CPU.percent  v=  8.60 av=  8.50
2022-08-18T06:52:00.001 INFO    [3927] MEM.percent  v= 45.50 av= 45.50
2022-08-18T06:52:00.001 INFO    [3927] TMP.percent  v=  1.00 av=  1.00
2022-08-18T06:53:00.000 INFO    [3927] CPU.percent  v=  9.00 av=  8.83
2022-08-18T06:53:00.001 INFO    [3927] MEM.percent  v= 45.50 av= 45.50
2022-08-18T06:53:00.001 INFO    [3927] TMP.percent  v=  1.00 av=  1.00
2022-08-18T06:54:00.000 INFO    [3927] CPU.percent  v=  9.50 av=  9.03
2022-08-18T06:54:00.001 INFO    [3927] MEM.percent  v= 45.50 av= 45.50
2022-08-18T06:54:00.001 INFO    [3927] TMP.percent  v=  1.00 av=  1.00
2022-08-18T06:55:00.000 INFO    [3927] CPU.percent  v=  7.10 av=  8.53
2022-08-18T06:55:00.001 INFO    [3927] MEM.percent  v= 45.50 av= 45.50
2022-08-18T06:55:00.006 INFO    [3927] CORE.temp  v= 52.25 av= 52.38
2022-08-18T06:55:00.006 INFO    [3927] TMP.percent  v=  1.00 av=  1.00
2022-08-18T06:56:00.000 INFO    [3927] CPU.percent  v=  8.10 av=  8.23
2022-08-18T06:56:00.001 INFO    [3927] MEM.percent  v= 45.50 av= 45.50
2022-08-18T06:56:00.001 INFO    [3927] TMP.percent  v=  1.00 av=  1.00
2022-08-18T06:57:00.000 INFO    [3927] CPU.percent  v=  9.40 av=  8.20
2022-08-18T06:57:00.001 INFO    [3927] MEM.percent  v= 45.50 av= 45.50
2022-08-18T06:57:00.001 INFO    [3927] TMP.percent  v=  1.00 av=  1.00
2022-08-18T06:58:00.000 INFO    [3927] CPU.percent  v=  8.30 av=  8.60
2022-08-18T06:58:00.001 INFO    [3927] MEM.percent  v= 45.50 av= 45.50
2022-08-18T06:58:00.001 INFO    [3927] TMP.percent  v=  1.00 av=  1.00
2022-08-18T06:59:00.000 INFO    [3927] CPU.percent  v=  9.60 av=  9.10
2022-08-18T06:59:00.001 INFO    [3927] MEM.percent  v= 45.60 av= 45.53
2022-08-18T06:59:00.001 INFO    [3927] TMP.percent  v=  1.00 av=  1.00
2022-08-18T07:00:00.000 INFO    [3927] CPU.percent  v=  7.90 av=  8.60
2022-08-18T07:00:00.001 INFO    [3927] MEM.percent  v= 45.50 av= 45.53
2022-08-18T07:00:00.006 INFO    [3927] CORE.temp  v= 52.00 av= 52.12
2022-08-18T07:00:00.006 INFO    [3927] TMP.percent  v=  1.00 av=  1.00
2022-08-18T07:01:00.000 INFO    [3927] CPU.percent  v=  8.90 av=  8.80
2022-08-18T07:01:00.001 INFO    [3927] MEM.percent  v= 45.50 av= 45.53
2022-08-18T07:01:00.001 INFO    [3927] TMP.percent  v=  1.00 av=  1.00
2022-08-18T07:02:00.000 INFO    [3927] CPU.percent  v=  7.90 av=  8.23
2022-08-18T07:02:00.001 INFO    [3927] MEM.percent  v= 45.50 av= 45.50
2022-08-18T07:02:00.001 INFO    [3927] TMP.percent  v=  1.00 av=  1.00
2022-08-18T07:03:00.000 INFO    [3927] CPU.percent  v=  9.90 av=  8.90
2022-08-18T07:03:00.001 INFO    [3927] MEM.percent  v= 45.50 av= 45.50
2022-08-18T07:03:00.001 INFO    [3927] TMP.percent  v=  1.00 av=  1.00
2022-08-18T07:04:00.000 INFO    [3927] CPU.percent  v= 10.40 av=  9.40
2022-08-18T07:04:00.001 INFO    [3927] MEM.percent  v= 45.50 av= 45.50
2022-08-18T07:04:00.001 INFO    [3927] TMP.percent  v=  1.00 av=  1.00
2022-08-18T07:05:00.000 INFO    [3927] CPU.percent  v=  7.50 av=  9.27
2022-08-18T07:05:00.001 INFO    [3927] MEM.percent  v= 45.50 av= 45.50
2022-08-18T07:05:00.006 INFO    [3927] CORE.temp  v= 52.25 av= 52.12
2022-08-18T07:05:00.006 INFO    [3927] TMP.percent  v=  1.00 av=  1.00
2022-08-18T07:06:00.000 INFO    [3927] CPU.percent  v=  8.40 av=  8.77
2022-08-18T07:06:00.001 INFO    [3927] MEM.percent  v= 45.50 av= 45.50
2022-08-18T07:06:00.001 INFO    [3927] TMP.percent  v=  1.00 av=  1.00
2022-08-18T07:07:00.001 INFO    [3927] CPU.percent  v=  9.60 av=  8.50
2022-08-18T07:07:00.001 INFO    [3927] MEM.percent  v= 45.50 av= 45.50
2022-08-18T07:07:00.002 INFO    [3927] TMP.percent  v=  1.00 av=  1.00
2022-08-18T07:08:00.000 INFO    [3927] CPU.percent  v=  8.80 av=  8.93
2022-08-18T07:08:00.001 INFO    [3927] MEM.percent  v= 45.50 av= 45.50
2022-08-18T07:08:00.001 INFO    [3927] TMP.percent  v=  1.00 av=  1.00
2022-08-18T07:09:00.000 INFO    [3927] CPU.percent  v=  9.20 av=  9.20
2022-08-18T07:09:00.001 INFO    [3927] MEM.percent  v= 45.50 av= 45.50
2022-08-18T07:09:00.002 INFO    [3927] TMP.percent  v=  1.00 av=  1.00
2022-08-18T07:10:00.001 INFO    [3927] CPU.percent  v=  7.80 av=  8.60
2022-08-18T07:10:00.002 INFO    [3927] MEM.percent  v= 45.50 av= 45.50
2022-08-18T07:10:00.011 INFO    [3927] CORE.temp  v= 52.50 av= 52.38
2022-08-18T07:10:00.011 INFO    [3927] TMP.percent  v=  1.00 av=  1.00
2022-08-18T07:11:00.000 INFO    [3927] CPU.percent  v=  9.20 av=  8.73
2022-08-18T07:11:00.001 INFO    [3927] MEM.percent  v= 45.50 av= 45.50
2022-08-18T07:11:00.002 INFO    [3927] TMP.percent  v=  1.00 av=  1.00
2022-08-18T07:12:00.000 INFO    [3927] CPU.percent  v=  9.30 av=  8.77
2022-08-18T07:12:00.001 INFO    [3927] MEM.percent  v= 45.50 av= 45.50
2022-08-18T07:12:00.001 INFO    [3927] TMP.percent  v=  1.00 av=  1.00
2022-08-18T07:13:00.000 INFO    [3927] CPU.percent  v=  7.30 av=  8.60
2022-08-18T07:13:00.001 INFO    [3927] MEM.percent  v= 45.50 av= 45.50
2022-08-18T07:13:00.001 INFO    [3927] TMP.percent  v=  1.00 av=  1.00
2022-08-18T07:14:00.000 INFO    [3927] CPU.percent  v=  9.20 av=  8.60
2022-08-18T07:14:00.001 INFO    [3927] MEM.percent  v= 45.50 av= 45.50
2022-08-18T07:14:00.001 INFO    [3927] TMP.percent  v=  1.00 av=  1.00
2022-08-18T07:15:00.000 INFO    [3927] CPU.percent  v=  7.30 av=  7.93
2022-08-18T07:15:00.001 INFO    [3927] MEM.percent  v= 45.50 av= 45.50
2022-08-18T07:15:00.007 INFO    [3927] CORE.temp  v= 52.75 av= 52.62
2022-08-18T07:15:00.007 INFO    [3927] TMP.percent  v=  1.00 av=  1.00
2022-08-18T07:16:00.001 INFO    [3927] CPU.percent  v=  7.90 av=  8.13
2022-08-18T07:16:00.001 INFO    [3927] MEM.percent  v= 45.50 av= 45.50
2022-08-18T07:16:00.002 INFO    [3927] TMP.percent  v=  1.00 av=  1.00
2022-08-18T07:17:00.000 INFO    [3927] CPU.percent  v= 10.90 av=  8.70
2022-08-18T07:17:00.001 INFO    [3927] MEM.percent  v= 45.50 av= 45.50
2022-08-18T07:17:00.001 INFO    [3927] TMP.percent  v=  1.00 av=  1.00
2022-08-18T07:18:00.000 INFO    [3927] CPU.percent  v= 10.20 av=  9.67
2022-08-18T07:18:00.001 INFO    [3927] MEM.percent  v= 45.50 av= 45.50
2022-08-18T07:18:00.001 INFO    [3927] TMP.percent  v=  1.00 av=  1.00
2022-08-18T07:19:00.000 INFO    [3927] CPU.percent  v= 11.00 av= 10.70
2022-08-18T07:19:00.001 INFO    [3927] MEM.percent  v= 45.50 av= 45.50
2022-08-18T07:19:00.001 INFO    [3927] TMP.percent  v=  1.00 av=  1.00
2022-08-18T07:20:00.000 INFO    [3927] CPU.percent  v= 10.20 av= 10.47
2022-08-18T07:20:00.001 INFO    [3927] MEM.percent  v= 45.50 av= 45.50
2022-08-18T07:20:00.008 INFO    [3927] CORE.temp  v= 53.00 av= 52.88
2022-08-18T07:20:00.009 INFO    [3927] TMP.percent  v=  1.00 av=  1.00
2022-08-18T07:21:00.000 INFO    [3927] CPU.percent  v= 10.90 av= 10.70
2022-08-18T07:21:00.001 INFO    [3927] MEM.percent  v= 45.50 av= 45.50
2022-08-18T07:21:00.001 INFO    [3927] TMP.percent  v=  1.00 av=  1.00
2022-08-18T07:22:00.000 INFO    [3927] CPU.percent  v= 10.30 av= 10.47
2022-08-18T07:22:00.001 INFO    [3927] MEM.percent  v= 45.50 av= 45.50
2022-08-18T07:22:00.001 INFO    [3927] TMP.percent  v=  1.00 av=  1.00
2022-08-18T07:23:00.000 INFO    [3927] CPU.percent  v= 11.10 av= 10.77
2022-08-18T07:23:00.001 INFO    [3927] MEM.percent  v= 45.50 av= 45.50
2022-08-18T07:23:00.001 INFO    [3927] TMP.percent  v=  1.00 av=  1.00
2022-08-18T07:24:00.000 INFO    [3927] CPU.percent  v= 11.60 av= 11.00
2022-08-18T07:24:00.001 INFO    [3927] MEM.percent  v= 45.50 av= 45.50
2022-08-18T07:24:00.002 INFO    [3927] TMP.percent  v=  1.00 av=  1.00
2022-08-18T07:25:00.000 INFO    [3927] CPU.percent  v=  9.60 av= 10.77
2022-08-18T07:25:00.001 INFO    [3927] MEM.percent  v= 45.50 av= 45.50
2022-08-18T07:25:00.010 INFO    [3927] CORE.temp  v= 53.00 av= 53.00
2022-08-18T07:25:00.010 INFO    [3927] TMP.percent  v=  1.00 av=  1.00
2022-08-18T07:26:00.000 INFO    [3927] CPU.percent  v= 10.20 av= 10.47
2022-08-18T07:26:00.001 INFO    [3927] MEM.percent  v= 45.50 av= 45.50
2022-08-18T07:26:00.001 INFO    [3927] TMP.percent  v=  1.00 av=  1.00
2022-08-18T07:27:00.000 INFO    [3927] CPU.percent  v= 11.30 av= 10.37
2022-08-18T07:27:00.001 INFO    [3927] MEM.percent  v= 45.50 av= 45.50
2022-08-18T07:27:00.001 INFO    [3927] TMP.percent  v=  1.00 av=  1.00
2022-08-18T07:28:00.000 INFO    [3927] CPU.percent  v= 10.50 av= 10.67
2022-08-18T07:28:00.001 INFO    [3927] MEM.percent  v= 45.50 av= 45.50
2022-08-18T07:28:00.001 INFO    [3927] TMP.percent  v=  1.00 av=  1.00
2022-08-18T07:29:00.000 INFO    [3927] CPU.percent  v= 10.90 av= 10.90
2022-08-18T07:29:00.001 INFO    [3927] MEM.percent  v= 45.50 av= 45.50
2022-08-18T07:29:00.001 INFO    [3927] TMP.percent  v=  1.00 av=  1.00
2022-08-18T07:30:00.000 INFO    [3927] CPU.percent  v=  9.30 av= 10.23
2022-08-18T07:30:00.001 INFO    [3927] MEM.percent  v= 45.50 av= 45.50
2022-08-18T07:30:00.006 INFO    [3927] CORE.temp  v= 53.25 av= 53.12
2022-08-18T07:30:00.006 INFO    [3927] TMP.percent  v=  1.00 av=  1.00
2022-08-18T07:31:00.000 INFO    [3927] CPU.percent  v= 10.60 av= 10.27
2022-08-18T07:31:00.001 INFO    [3927] MEM.percent  v= 45.50 av= 45.50
2022-08-18T07:31:00.001 INFO    [3927] TMP.percent  v=  1.00 av=  1.00
2022-08-18T07:32:00.000 INFO    [3927] CPU.percent  v=  9.70 av=  9.87
2022-08-18T07:32:00.001 INFO    [3927] MEM.percent  v= 45.50 av= 45.50
2022-08-18T07:32:00.001 INFO    [3927] TMP.percent  v=  1.00 av=  1.00
2022-08-18T07:33:00.000 INFO    [3927] CPU.percent  v= 10.60 av= 10.30
2022-08-18T07:33:00.001 INFO    [3927] MEM.percent  v= 45.50 av= 45.50
2022-08-18T07:33:00.001 INFO    [3927] TMP.percent  v=  1.00 av=  1.00
2022-08-18T07:34:00.000 INFO    [3927] CPU.percent  v= 10.60 av= 10.30
2022-08-18T07:34:00.001 INFO    [3927] MEM.percent  v= 45.50 av= 45.50
2022-08-18T07:34:00.001 INFO    [3927] TMP.percent  v=  1.00 av=  1.00
2022-08-18T07:35:00.000 INFO    [3927] CPU.percent  v=  8.70 av=  9.97
2022-08-18T07:35:00.001 INFO    [3927] MEM.percent  v= 45.50 av= 45.50
2022-08-18T07:35:00.006 INFO    [3927] CORE.temp  v= 53.25 av= 53.25
2022-08-18T07:35:00.006 INFO    [3927] TMP.percent  v=  1.00 av=  1.00
2022-08-18T07:36:00.000 INFO    [3927] CPU.percent  v=  9.20 av=  9.50
2022-08-18T07:36:00.001 INFO    [3927] MEM.percent  v= 45.50 av= 45.50
2022-08-18T07:36:00.001 INFO    [3927] TMP.percent  v=  1.00 av=  1.00
2022-08-18T07:37:00.000 INFO    [3927] CPU.percent  v= 10.00 av=  9.30
2022-08-18T07:37:00.001 INFO    [3927] MEM.percent  v= 45.50 av= 45.50
2022-08-18T07:37:00.001 INFO    [3927] TMP.percent  v=  1.00 av=  1.00
2022-08-18T07:38:00.000 INFO    [3927] CPU.percent  v=  9.30 av=  9.50
2022-08-18T07:38:00.001 INFO    [3927] MEM.percent  v= 45.50 av= 45.50
2022-08-18T07:38:00.001 INFO    [3927] TMP.percent  v=  1.00 av=  1.00
2022-08-18T07:39:00.000 INFO    [3927] CPU.percent  v= 10.00 av=  9.77
2022-08-18T07:39:00.001 INFO    [3927] MEM.percent  v= 45.50 av= 45.50
2022-08-18T07:39:00.001 INFO    [3927] TMP.percent  v=  1.00 av=  1.00
2022-08-18T07:40:00.000 INFO    [3927] CPU.percent  v=  9.00 av=  9.43
2022-08-18T07:40:00.001 INFO    [3927] MEM.percent  v= 45.50 av= 45.50
2022-08-18T07:40:00.006 INFO    [3927] CORE.temp  v= 53.25 av= 53.25
2022-08-18T07:40:00.007 INFO    [3927] TMP.percent  v=  1.00 av=  1.00
2022-08-18T07:41:00.001 INFO    [3927] CPU.percent  v= 10.10 av=  9.70
2022-08-18T07:41:00.002 INFO    [3927] MEM.percent  v= 45.50 av= 45.50
2022-08-18T07:41:00.002 INFO    [3927] TMP.percent  v=  1.00 av=  1.00
2022-08-18T07:42:00.000 INFO    [3927] CPU.percent  v= 10.90 av= 10.00
2022-08-18T07:42:00.001 INFO    [3927] MEM.percent  v= 45.50 av= 45.50
2022-08-18T07:42:00.001 INFO    [3927] TMP.percent  v=  1.00 av=  1.00
2022-08-18T07:43:00.000 INFO    [3927] CPU.percent  v=  8.70 av=  9.90
2022-08-18T07:43:00.001 INFO    [3927] MEM.percent  v= 45.50 av= 45.50
2022-08-18T07:43:00.001 INFO    [3927] TMP.percent  v=  1.00 av=  1.00
2022-08-18T07:44:00.000 INFO    [3927] CPU.percent  v= 10.70 av= 10.10
2022-08-18T07:44:00.001 INFO    [3927] MEM.percent  v= 45.50 av= 45.50
2022-08-18T07:44:00.001 INFO    [3927] TMP.percent  v=  1.00 av=  1.00
2022-08-18T07:45:00.000 INFO    [3927] CPU.percent  v=  8.70 av=  9.37
2022-08-18T07:45:00.001 INFO    [3927] MEM.percent  v= 45.50 av= 45.50
2022-08-18T07:45:00.010 INFO    [3927] CORE.temp  v= 53.50 av= 53.38
2022-08-18T07:45:00.010 INFO    [3927] TMP.percent  v=  1.00 av=  1.00
2022-08-18T07:46:00.000 INFO    [3927] CPU.percent  v=  9.00 av=  9.47
2022-08-18T07:46:00.001 INFO    [3927] MEM.percent  v= 45.50 av= 45.50
2022-08-18T07:46:00.001 INFO    [3927] TMP.percent  v=  1.00 av=  1.00
2022-08-18T07:47:00.000 INFO    [3927] CPU.percent  v= 10.40 av=  9.37
2022-08-18T07:47:00.001 INFO    [3927] MEM.percent  v= 45.50 av= 45.50
2022-08-18T07:47:00.001 INFO    [3927] TMP.percent  v=  1.00 av=  1.00
2022-08-18T07:48:00.000 INFO    [3927] CPU.percent  v=  9.20 av=  9.53
2022-08-18T07:48:00.001 INFO    [3927] MEM.percent  v= 45.50 av= 45.50
2022-08-18T07:48:00.001 INFO    [3927] TMP.percent  v=  1.00 av=  1.00
2022-08-18T07:49:00.001 INFO    [3927] CPU.percent  v=  9.90 av=  9.83
2022-08-18T07:49:00.002 INFO    [3927] MEM.percent  v= 45.50 av= 45.50
2022-08-18T07:49:00.002 INFO    [3927] TMP.percent  v=  1.00 av=  1.00
2022-08-18T07:50:00.000 INFO    [3927] CPU.percent  v=  8.70 av=  9.27
2022-08-18T07:50:00.001 INFO    [3927] MEM.percent  v= 45.50 av= 45.50
2022-08-18T07:50:00.010 INFO    [3927] CORE.temp  v= 52.75 av= 53.12
2022-08-18T07:50:00.011 INFO    [3927] TMP.percent  v=  1.00 av=  1.00
2022-08-18T07:51:00.000 INFO    [3927] CPU.percent  v=  9.00 av=  9.20
2022-08-18T07:51:00.001 INFO    [3927] MEM.percent  v= 45.50 av= 45.50
2022-08-18T07:51:00.001 INFO    [3927] TMP.percent  v=  1.00 av=  1.00
2022-08-18T07:52:00.000 INFO    [3927] CPU.percent  v=  8.50 av=  8.73
2022-08-18T07:52:00.001 INFO    [3927] MEM.percent  v= 45.50 av= 45.50
2022-08-18T07:52:00.001 INFO    [3927] TMP.percent  v=  1.00 av=  1.00
2022-08-18T07:53:00.000 INFO    [3927] CPU.percent  v=  9.00 av=  8.83
2022-08-18T07:53:00.001 INFO    [3927] MEM.percent  v= 45.50 av= 45.50
2022-08-18T07:53:00.001 INFO    [3927] TMP.percent  v=  1.00 av=  1.00
2022-08-18T07:54:00.001 INFO    [3927] CPU.percent  v=  9.40 av=  8.97
2022-08-18T07:54:00.001 INFO    [3927] MEM.percent  v= 45.50 av= 45.50
2022-08-18T07:54:00.002 INFO    [3927] TMP.percent  v=  1.00 av=  1.00
2022-08-18T07:55:00.000 INFO    [3927] CPU.percent  v=  7.50 av=  8.63
2022-08-18T07:55:00.001 INFO    [3927] MEM.percent  v= 45.50 av= 45.50
2022-08-18T07:55:00.010 INFO    [3927] CORE.temp  v= 53.25 av= 53.00
2022-08-18T07:55:00.010 INFO    [3927] TMP.percent  v=  1.00 av=  1.00
2022-08-18T07:56:00.000 INFO    [3927] CPU.percent  v=  7.60 av=  8.17
2022-08-18T07:56:00.001 INFO    [3927] MEM.percent  v= 45.50 av= 45.50
2022-08-18T07:56:00.001 INFO    [3927] TMP.percent  v=  1.00 av=  1.00
2022-08-18T07:57:00.000 INFO    [3927] CPU.percent  v=  9.00 av=  8.03
2022-08-18T07:57:00.001 INFO    [3927] MEM.percent  v= 45.50 av= 45.50
2022-08-18T07:57:00.001 INFO    [3927] TMP.percent  v=  1.00 av=  1.00
2022-08-18T07:58:00.000 INFO    [3927] CPU.percent  v=  8.20 av=  8.27
2022-08-18T07:58:00.001 INFO    [3927] MEM.percent  v= 45.70 av= 45.57
2022-08-18T07:58:00.001 INFO    [3927] TMP.percent  v=  1.00 av=  1.00
2022-08-18T07:59:00.000 INFO    [3927] CPU.percent  v=  9.00 av=  8.73
2022-08-18T07:59:00.001 INFO    [3927] MEM.percent  v= 45.50 av= 45.57
2022-08-18T07:59:00.001 INFO    [3927] TMP.percent  v=  1.00 av=  1.00
2022-08-18T08:00:00.000 INFO    [3927] CPU.percent  v=  7.90 av=  8.37
2022-08-18T08:00:00.001 INFO    [3927] MEM.percent  v= 45.50 av= 45.57
2022-08-18T08:00:00.010 INFO    [3927] CORE.temp  v= 53.75 av= 53.50
2022-08-18T08:00:00.010 INFO    [3927] TMP.percent  v=  1.00 av=  1.00
2022-08-18T08:01:00.000 INFO    [3927] CPU.percent  v=  9.00 av=  8.63
2022-08-18T08:01:00.001 INFO    [3927] MEM.percent  v= 45.50 av= 45.50
2022-08-18T08:01:00.001 INFO    [3927] TMP.percent  v=  1.00 av=  1.00
2022-08-18T08:02:00.000 INFO    [3927] CPU.percent  v=  8.30 av=  8.40
2022-08-18T08:02:00.001 INFO    [3927] MEM.percent  v= 45.50 av= 45.50
2022-08-18T08:02:00.001 INFO    [3927] TMP.percent  v=  1.00 av=  1.00
2022-08-18T08:03:00.000 INFO    [3927] CPU.percent  v=  8.90 av=  8.73
2022-08-18T08:03:00.001 INFO    [3927] MEM.percent  v= 45.50 av= 45.50
2022-08-18T08:03:00.001 INFO    [3927] TMP.percent  v=  1.00 av=  1.00
2022-08-18T08:04:00.000 INFO    [3927] CPU.percent  v=  9.50 av=  8.90
2022-08-18T08:04:00.001 INFO    [3927] MEM.percent  v= 45.50 av= 45.50
2022-08-18T08:04:00.001 INFO    [3927] TMP.percent  v=  1.00 av=  1.00
2022-08-18T08:05:00.000 INFO    [3927] CPU.percent  v=  7.60 av=  8.67
2022-08-18T08:05:00.001 INFO    [3927] MEM.percent  v= 45.50 av= 45.50
2022-08-18T08:05:00.006 INFO    [3927] CORE.temp  v= 53.25 av= 53.50
2022-08-18T08:05:00.006 INFO    [3927] TMP.percent  v=  1.00 av=  1.00
2022-08-18T08:06:00.000 INFO    [3927] CPU.percent  v=  7.80 av=  8.30
2022-08-18T08:06:00.001 INFO    [3927] MEM.percent  v= 45.50 av= 45.50
2022-08-18T08:06:00.001 INFO    [3927] TMP.percent  v=  1.00 av=  1.00
2022-08-18T08:07:00.000 INFO    [3927] CPU.percent  v=  9.00 av=  8.13
2022-08-18T08:07:00.001 INFO    [3927] MEM.percent  v= 45.50 av= 45.50
2022-08-18T08:07:00.001 INFO    [3927] TMP.percent  v=  1.00 av=  1.00
2022-08-18T08:08:00.000 INFO    [3927] CPU.percent  v=  8.20 av=  8.33
2022-08-18T08:08:00.001 INFO    [3927] MEM.percent  v= 45.50 av= 45.50
2022-08-18T08:08:00.001 INFO    [3927] TMP.percent  v=  1.00 av=  1.00
2022-08-18T08:09:00.000 INFO    [3927] CPU.percent  v=  8.90 av=  8.70
2022-08-18T08:09:00.001 INFO    [3927] MEM.percent  v= 45.50 av= 45.50
2022-08-18T08:09:00.001 INFO    [3927] TMP.percent  v=  1.00 av=  1.00
2022-08-18T08:10:00.000 INFO    [3927] CPU.percent  v=  8.20 av=  8.43
2022-08-18T08:10:00.001 INFO    [3927] MEM.percent  v= 45.50 av= 45.50
2022-08-18T08:10:00.006 INFO    [3927] CORE.temp  v= 53.75 av= 53.50
2022-08-18T08:10:00.006 INFO    [3927] TMP.percent  v=  1.00 av=  1.00
2022-08-18T08:11:00.000 INFO    [3927] CPU.percent  v=  8.90 av=  8.67
2022-08-18T08:11:00.001 INFO    [3927] MEM.percent  v= 45.50 av= 45.50
2022-08-18T08:11:00.001 INFO    [3927] TMP.percent  v=  1.00 av=  1.00
2022-08-18T08:12:00.000 INFO    [3927] CPU.percent  v= 10.20 av=  9.10
2022-08-18T08:12:00.001 INFO    [3927] MEM.percent  v= 45.50 av= 45.50
2022-08-18T08:12:00.001 INFO    [3927] TMP.percent  v=  1.00 av=  1.00
2022-08-18T08:13:00.001 INFO    [3927] CPU.percent  v=  7.20 av=  8.77
2022-08-18T08:13:00.001 INFO    [3927] MEM.percent  v= 45.50 av= 45.50
2022-08-18T08:13:00.002 INFO    [3927] TMP.percent  v=  1.00 av=  1.00
2022-08-18T08:14:00.001 INFO    [3927] CPU.percent  v=  9.20 av=  8.87
2022-08-18T08:14:00.001 INFO    [3927] MEM.percent  v= 45.50 av= 45.50
2022-08-18T08:14:00.002 INFO    [3927] TMP.percent  v=  1.00 av=  1.00
2022-08-18T08:15:00.000 INFO    [3927] CPU.percent  v=  6.90 av=  7.77
2022-08-18T08:15:00.001 INFO    [3927] MEM.percent  v= 45.50 av= 45.50
2022-08-18T08:15:00.006 INFO    [3927] CORE.temp  v= 52.75 av= 53.25
2022-08-18T08:15:00.006 INFO    [3927] TMP.percent  v=  1.00 av=  1.00
2022-08-18T08:16:00.000 INFO    [3927] CPU.percent  v=  7.60 av=  7.90
2022-08-18T08:16:00.001 INFO    [3927] MEM.percent  v= 45.50 av= 45.50
2022-08-18T08:16:00.001 INFO    [3927] TMP.percent  v=  1.00 av=  1.00
2022-08-18T08:17:00.000 INFO    [3927] CPU.percent  v=  8.90 av=  7.80
2022-08-18T08:17:00.001 INFO    [3927] MEM.percent  v= 45.50 av= 45.50
2022-08-18T08:17:00.001 INFO    [3927] TMP.percent  v=  1.00 av=  1.00
2022-08-18T08:18:00.000 INFO    [3927] CPU.percent  v=  7.90 av=  8.13
2022-08-18T08:18:00.001 INFO    [3927] MEM.percent  v= 45.50 av= 45.50
2022-08-18T08:18:00.001 INFO    [3927] TMP.percent  v=  1.00 av=  1.00
2022-08-18T08:19:00.000 INFO    [3927] CPU.percent  v=  9.00 av=  8.60
2022-08-18T08:19:00.001 INFO    [3927] MEM.percent  v= 45.50 av= 45.50
2022-08-18T08:19:00.001 INFO    [3927] TMP.percent  v=  1.00 av=  1.00
2022-08-18T08:20:00.000 INFO    [3927] CPU.percent  v=  8.80 av=  8.57
2022-08-18T08:20:00.001 INFO    [3927] MEM.percent  v= 45.50 av= 45.50
2022-08-18T08:20:00.010 INFO    [3927] CORE.temp  v= 53.25 av= 53.00
2022-08-18T08:20:00.010 INFO    [3927] TMP.percent  v=  1.00 av=  1.00
2022-08-18T08:21:00.000 INFO    [3927] CPU.percent  v=  8.80 av=  8.87
2022-08-18T08:21:00.001 INFO    [3927] MEM.percent  v= 45.50 av= 45.50
2022-08-18T08:21:00.001 INFO    [3927] TMP.percent  v=  1.00 av=  1.00
2022-08-18T08:22:00.000 INFO    [3927] CPU.percent  v=  7.90 av=  8.50
2022-08-18T08:22:00.001 INFO    [3927] MEM.percent  v= 45.50 av= 45.50
2022-08-18T08:22:00.001 INFO    [3927] TMP.percent  v=  1.00 av=  1.00
2022-08-18T08:23:00.000 INFO    [3927] CPU.percent  v= 10.00 av=  8.90
2022-08-18T08:23:00.001 INFO    [3927] MEM.percent  v= 45.50 av= 45.50
2022-08-18T08:23:00.001 INFO    [3927] TMP.percent  v=  1.00 av=  1.00
2022-08-18T08:24:00.000 INFO    [3927] CPU.percent  v=  9.80 av=  9.23
2022-08-18T08:24:00.001 INFO    [3927] MEM.percent  v= 45.50 av= 45.50
2022-08-18T08:24:00.001 INFO    [3927] TMP.percent  v=  1.00 av=  1.00
2022-08-18T08:25:00.000 INFO    [3927] CPU.percent  v=  7.50 av=  9.10
2022-08-18T08:25:00.001 INFO    [3927] MEM.percent  v= 45.50 av= 45.50
2022-08-18T08:25:00.006 INFO    [3927] CORE.temp  v= 53.50 av= 53.38
2022-08-18T08:25:00.006 INFO    [3927] TMP.percent  v=  1.00 av=  1.00
2022-08-18T08:26:00.000 INFO    [3927] CPU.percent  v=  8.60 av=  8.63
2022-08-18T08:26:00.001 INFO    [3927] MEM.percent  v= 45.50 av= 45.50
2022-08-18T08:26:00.001 INFO    [3927] TMP.percent  v=  1.00 av=  1.00
2022-08-18T08:27:00.000 INFO    [3927] CPU.percent  v=  9.10 av=  8.40
2022-08-18T08:27:00.001 INFO    [3927] MEM.percent  v= 45.50 av= 45.50
2022-08-18T08:27:00.001 INFO    [3927] TMP.percent  v=  1.00 av=  1.00
2022-08-18T08:28:00.000 INFO    [3927] CPU.percent  v=  8.20 av=  8.63
2022-08-18T08:28:00.001 INFO    [3927] MEM.percent  v= 45.50 av= 45.50
2022-08-18T08:28:00.001 INFO    [3927] TMP.percent  v=  1.00 av=  1.00
2022-08-18T08:29:00.000 INFO    [3927] CPU.percent  v=  8.90 av=  8.73
2022-08-18T08:29:00.001 INFO    [3927] MEM.percent  v= 45.50 av= 45.50
2022-08-18T08:29:00.001 INFO    [3927] TMP.percent  v=  1.00 av=  1.00
2022-08-18T08:30:00.000 INFO    [3927] CPU.percent  v=  8.20 av=  8.43
2022-08-18T08:30:00.001 INFO    [3927] MEM.percent  v= 45.50 av= 45.50
2022-08-18T08:30:00.006 INFO    [3927] CORE.temp  v= 53.25 av= 53.38
2022-08-18T08:30:00.006 INFO    [3927] TMP.percent  v=  1.00 av=  1.00
2022-08-18T08:31:00.000 INFO    [3927] CPU.percent  v=  8.70 av=  8.60
2022-08-18T08:31:00.001 INFO    [3927] MEM.percent  v= 45.50 av= 45.50
2022-08-18T08:31:00.001 INFO    [3927] TMP.percent  v=  1.00 av=  1.00
2022-08-18T08:32:00.000 INFO    [3927] CPU.percent  v=  7.80 av=  8.23
2022-08-18T08:32:00.001 INFO    [3927] MEM.percent  v= 45.50 av= 45.50
2022-08-18T08:32:00.001 INFO    [3927] TMP.percent  v=  1.00 av=  1.00
2022-08-18T08:33:00.000 INFO    [3927] CPU.percent  v=  8.70 av=  8.40
2022-08-18T08:33:00.001 INFO    [3927] MEM.percent  v= 45.50 av= 45.50
2022-08-18T08:33:00.001 INFO    [3927] TMP.percent  v=  1.00 av=  1.00
2022-08-18T08:34:00.000 INFO    [3927] CPU.percent  v=  9.60 av=  8.70
2022-08-18T08:34:00.001 INFO    [3927] MEM.percent  v= 45.50 av= 45.50
2022-08-18T08:34:00.001 INFO    [3927] TMP.percent  v=  1.10 av=  1.03
2022-08-18T08:35:00.000 INFO    [3927] CPU.percent  v=  7.40 av=  8.57
2022-08-18T08:35:00.001 INFO    [3927] MEM.percent  v= 45.50 av= 45.50
2022-08-18T08:35:00.010 INFO    [3927] CORE.temp  v= 53.25 av= 53.25
2022-08-18T08:35:00.011 INFO    [3927] TMP.percent  v=  1.10 av=  1.07
2022-08-18T08:36:00.000 INFO    [3927] CPU.percent  v=  8.30 av=  8.43
2022-08-18T08:36:00.001 INFO    [3927] MEM.percent  v= 45.50 av= 45.50
2022-08-18T08:36:00.001 INFO    [3927] TMP.percent  v=  1.10 av=  1.10
2022-08-18T08:37:00.000 INFO    [3927] CPU.percent  v=  9.20 av=  8.30
2022-08-18T08:37:00.001 INFO    [3927] MEM.percent  v= 45.50 av= 45.50
2022-08-18T08:37:00.001 INFO    [3927] TMP.percent  v=  1.10 av=  1.10
2022-08-18T08:38:00.000 INFO    [3927] CPU.percent  v=  8.50 av=  8.67
2022-08-18T08:38:00.001 INFO    [3927] MEM.percent  v= 45.50 av= 45.50
2022-08-18T08:38:00.001 INFO    [3927] TMP.percent  v=  1.10 av=  1.10
2022-08-18T08:39:00.000 INFO    [3927] CPU.percent  v=  9.10 av=  8.93
2022-08-18T08:39:00.001 INFO    [3927] MEM.percent  v= 45.50 av= 45.50
2022-08-18T08:39:00.001 INFO    [3927] TMP.percent  v=  1.10 av=  1.10
2022-08-18T08:40:00.001 INFO    [3927] CPU.percent  v=  8.50 av=  8.70
2022-08-18T08:40:00.002 INFO    [3927] MEM.percent  v= 45.50 av= 45.50
2022-08-18T08:40:00.007 INFO    [3927] CORE.temp  v= 53.75 av= 53.50
2022-08-18T08:40:00.007 INFO    [3927] TMP.percent  v=  1.10 av=  1.10
2022-08-18T08:41:00.000 INFO    [3927] CPU.percent  v=  9.00 av=  8.87
2022-08-18T08:41:00.001 INFO    [3927] MEM.percent  v= 45.50 av= 45.50
2022-08-18T08:41:00.001 INFO    [3927] TMP.percent  v=  1.10 av=  1.10
2022-08-18T08:42:00.000 INFO    [3927] CPU.percent  v=  9.70 av=  9.07
2022-08-18T08:42:00.001 INFO    [3927] MEM.percent  v= 45.50 av= 45.50
2022-08-18T08:42:00.002 INFO    [3927] TMP.percent  v=  1.10 av=  1.10
2022-08-18T08:43:00.000 INFO    [3927] CPU.percent  v=  7.40 av=  8.70
2022-08-18T08:43:00.001 INFO    [3927] MEM.percent  v= 45.50 av= 45.50
2022-08-18T08:43:00.001 INFO    [3927] TMP.percent  v=  1.10 av=  1.10
2022-08-18T08:44:00.000 INFO    [3927] CPU.percent  v= 10.60 av=  9.23
2022-08-18T08:44:00.001 INFO    [3927] MEM.percent  v= 45.50 av= 45.50
2022-08-18T08:44:00.001 INFO    [3927] TMP.percent  v=  1.10 av=  1.10
2022-08-18T08:45:00.000 INFO    [3927] CPU.percent  v=  9.20 av=  9.07
2022-08-18T08:45:00.001 INFO    [3927] MEM.percent  v= 45.50 av= 45.50
2022-08-18T08:45:00.010 INFO    [3927] CORE.temp  v= 53.00 av= 53.38
2022-08-18T08:45:00.010 INFO    [3927] TMP.percent  v=  1.10 av=  1.10
2022-08-18T08:46:00.000 INFO    [3927] CPU.percent  v= 10.50 av= 10.10
2022-08-18T08:46:00.001 INFO    [3927] MEM.percent  v= 45.50 av= 45.50
2022-08-18T08:46:00.001 INFO    [3927] TMP.percent  v=  1.10 av=  1.10
2022-08-18T08:47:00.000 INFO    [3927] CPU.percent  v= 12.80 av= 10.83
2022-08-18T08:47:00.001 INFO    [3927] MEM.percent  v= 45.50 av= 45.50
2022-08-18T08:47:00.001 INFO    [3927] TMP.percent  v=  1.10 av=  1.10
2022-08-18T08:48:00.000 INFO    [3927] CPU.percent  v= 10.40 av= 11.23
2022-08-18T08:48:00.001 INFO    [3927] MEM.percent  v= 45.60 av= 45.53
2022-08-18T08:48:00.001 INFO    [3927] TMP.percent  v=  1.10 av=  1.10
2022-08-18T08:49:00.000 INFO    [3927] CPU.percent  v= 11.10 av= 11.43
2022-08-18T08:49:00.001 INFO    [3927] MEM.percent  v= 45.50 av= 45.53
2022-08-18T08:49:00.001 INFO    [3927] TMP.percent  v=  1.10 av=  1.10
2022-08-18T08:50:00.000 INFO    [3927] CPU.percent  v=  9.40 av= 10.30
2022-08-18T08:50:00.001 INFO    [3927] MEM.percent  v= 45.50 av= 45.53
2022-08-18T08:50:00.012 INFO    [3927] CORE.temp  v= 53.50 av= 53.25
2022-08-18T08:50:00.013 INFO    [3927] TMP.percent  v=  1.10 av=  1.10
2022-08-18T08:51:00.001 INFO    [3927] CPU.percent  v= 10.40 av= 10.30
2022-08-18T08:51:00.003 INFO    [3927] MEM.percent  v= 45.50 av= 45.50
2022-08-18T08:51:00.003 INFO    [3927] TMP.percent  v=  1.10 av=  1.10
2022-08-18T08:52:00.001 INFO    [3927] CPU.percent  v=  8.90 av=  9.57
2022-08-18T08:52:00.002 INFO    [3927] MEM.percent  v= 45.50 av= 45.50
2022-08-18T08:52:00.003 INFO    [3927] TMP.percent  v=  1.10 av=  1.10
2022-08-18T08:53:00.002 INFO    [3927] CPU.percent  v=  9.30 av=  9.53
2022-08-18T08:53:00.004 INFO    [3927] MEM.percent  v= 45.50 av= 45.50
2022-08-18T08:53:00.005 INFO    [3927] TMP.percent  v=  1.10 av=  1.10
2022-08-18T08:54:00.001 INFO    [3927] CPU.percent  v= 11.10 av=  9.77
2022-08-18T08:54:00.002 INFO    [3927] MEM.percent  v= 45.50 av= 45.50
2022-08-18T08:54:00.003 INFO    [3927] TMP.percent  v=  1.10 av=  1.10
2022-08-18T08:55:00.001 INFO    [3927] CPU.percent  v=  8.40 av=  9.60
2022-08-18T08:55:00.002 INFO    [3927] MEM.percent  v= 45.50 av= 45.50
2022-08-18T08:55:00.009 INFO    [3927] CORE.temp  v= 52.75 av= 53.12
2022-08-18T08:55:00.010 INFO    [3927] TMP.percent  v=  1.10 av=  1.10
2022-08-18T08:56:00.000 INFO    [3927] CPU.percent  v=  9.00 av=  9.50
2022-08-18T08:56:00.001 INFO    [3927] MEM.percent  v= 45.60 av= 45.53
2022-08-18T08:56:00.001 INFO    [3927] TMP.percent  v=  1.10 av=  1.10
2022-08-18T08:57:00.000 INFO    [3927] CPU.percent  v= 10.10 av=  9.17
2022-08-18T08:57:00.001 INFO    [3927] MEM.percent  v= 45.50 av= 45.53
2022-08-18T08:57:00.001 INFO    [3927] TMP.percent  v=  1.10 av=  1.10
2022-08-18T08:58:00.000 INFO    [3927] CPU.percent  v=  9.00 av=  9.37
2022-08-18T08:58:00.001 INFO    [3927] MEM.percent  v= 45.50 av= 45.53
2022-08-18T08:58:00.001 INFO    [3927] TMP.percent  v=  1.10 av=  1.10
2022-08-18T08:59:00.000 INFO    [3927] CPU.percent  v= 10.40 av=  9.83
2022-08-18T08:59:00.001 INFO    [3927] MEM.percent  v= 45.50 av= 45.50
2022-08-18T08:59:00.001 INFO    [3927] TMP.percent  v=  1.10 av=  1.10
2022-08-18T09:00:00.001 INFO    [3927] CPU.percent  v=  8.80 av=  9.40
2022-08-18T09:00:00.002 INFO    [3927] MEM.percent  v= 45.50 av= 45.50
2022-08-18T09:00:00.011 INFO    [3927] CORE.temp  v= 53.75 av= 53.25
2022-08-18T09:00:00.011 INFO    [3927] TMP.percent  v=  1.10 av=  1.10
2022-08-18T09:01:00.001 INFO    [3927] CPU.percent  v= 10.20 av=  9.80
2022-08-18T09:01:00.001 INFO    [3927] MEM.percent  v= 45.50 av= 45.50
2022-08-18T09:01:00.002 INFO    [3927] TMP.percent  v=  1.10 av=  1.10
2022-08-18T09:02:00.001 INFO    [3927] CPU.percent  v=  8.40 av=  9.13
2022-08-18T09:02:00.001 INFO    [3927] MEM.percent  v= 45.50 av= 45.50
2022-08-18T09:02:00.001 INFO    [3927] TMP.percent  v=  1.10 av=  1.10
2022-08-18T09:03:00.000 INFO    [3927] CPU.percent  v=  9.80 av=  9.47
2022-08-18T09:03:00.001 INFO    [3927] MEM.percent  v= 45.50 av= 45.50
2022-08-18T09:03:00.001 INFO    [3927] TMP.percent  v=  1.10 av=  1.10
2022-08-18T09:04:00.000 INFO    [3927] CPU.percent  v= 10.20 av=  9.47
2022-08-18T09:04:00.001 INFO    [3927] MEM.percent  v= 45.50 av= 45.50
2022-08-18T09:04:00.001 INFO    [3927] TMP.percent  v=  1.10 av=  1.10
2022-08-18T09:05:00.001 INFO    [3927] CPU.percent  v=  8.40 av=  9.47
2022-08-18T09:05:00.002 INFO    [3927] MEM.percent  v= 45.50 av= 45.50
2022-08-18T09:05:00.011 INFO    [3927] CORE.temp  v= 53.25 av= 53.50
2022-08-18T09:05:00.012 INFO    [3927] TMP.percent  v=  1.10 av=  1.10
2022-08-18T09:06:00.001 INFO    [3927] CPU.percent  v=  8.90 av=  9.17
2022-08-18T09:06:00.002 INFO    [3927] MEM.percent  v= 45.50 av= 45.50
2022-08-18T09:06:00.002 INFO    [3927] TMP.percent  v=  1.10 av=  1.10
2022-08-18T09:07:00.001 INFO    [3927] CPU.percent  v= 10.20 av=  9.17
2022-08-18T09:07:00.002 INFO    [3927] MEM.percent  v= 45.50 av= 45.50
2022-08-18T09:07:00.002 INFO    [3927] TMP.percent  v=  1.10 av=  1.10
2022-08-18T09:08:00.001 INFO    [3927] CPU.percent  v=  9.10 av=  9.40
2022-08-18T09:08:00.001 INFO    [3927] MEM.percent  v= 45.50 av= 45.50
2022-08-18T09:08:00.002 INFO    [3927] TMP.percent  v=  1.10 av=  1.10
2022-08-18T09:09:00.001 INFO    [3927] CPU.percent  v=  9.50 av=  9.60
2022-08-18T09:09:00.001 INFO    [3927] MEM.percent  v= 45.50 av= 45.50
2022-08-18T09:09:00.002 INFO    [3927] TMP.percent  v=  1.10 av=  1.10
2022-08-18T09:10:00.001 INFO    [3927] CPU.percent  v=  8.60 av=  9.07
2022-08-18T09:10:00.002 INFO    [3927] MEM.percent  v= 45.50 av= 45.50
2022-08-18T09:10:00.007 INFO    [3927] CORE.temp  v= 53.00 av= 53.12
2022-08-18T09:10:00.008 INFO    [3927] TMP.percent  v=  1.10 av=  1.10
2022-08-18T09:11:00.000 INFO    [3927] CPU.percent  v=  9.60 av=  9.23
2022-08-18T09:11:00.002 INFO    [3927] MEM.percent  v= 45.50 av= 45.50
2022-08-18T09:11:00.002 INFO    [3927] TMP.percent  v=  1.10 av=  1.10
2022-08-18T09:12:00.000 INFO    [3927] CPU.percent  v= 10.30 av=  9.50
2022-08-18T09:12:00.001 INFO    [3927] MEM.percent  v= 45.50 av= 45.50
2022-08-18T09:12:00.001 INFO    [3927] TMP.percent  v=  1.10 av=  1.10
2022-08-18T09:13:00.001 INFO    [3927] CPU.percent  v=  8.50 av=  9.47
2022-08-18T09:13:00.001 INFO    [3927] MEM.percent  v= 45.50 av= 45.50
2022-08-18T09:13:00.002 INFO    [3927] TMP.percent  v=  1.10 av=  1.10
2022-08-18T09:14:00.000 INFO    [3927] CPU.percent  v= 10.40 av=  9.73
2022-08-18T09:14:00.001 INFO    [3927] MEM.percent  v= 45.50 av= 45.50
2022-08-18T09:14:00.001 INFO    [3927] TMP.percent  v=  1.10 av=  1.10
2022-08-18T09:15:00.001 INFO    [3927] CPU.percent  v=  8.50 av=  9.13
2022-08-18T09:15:00.001 INFO    [3927] MEM.percent  v= 45.50 av= 45.50
2022-08-18T09:15:00.007 INFO    [3927] CORE.temp  v= 52.50 av= 52.75
2022-08-18T09:15:00.008 INFO    [3927] TMP.percent  v=  1.10 av=  1.10
2022-08-18T09:16:00.000 INFO    [3927] CPU.percent  v=  8.90 av=  9.27
2022-08-18T09:16:00.001 INFO    [3927] MEM.percent  v= 45.50 av= 45.50
2022-08-18T09:16:00.001 INFO    [3927] TMP.percent  v=  1.10 av=  1.10
2022-08-18T09:17:00.001 INFO    [3927] CPU.percent  v= 10.10 av=  9.17
2022-08-18T09:17:00.001 INFO    [3927] MEM.percent  v= 45.50 av= 45.50
2022-08-18T09:17:00.002 INFO    [3927] TMP.percent  v=  1.10 av=  1.10
2022-08-18T09:18:00.001 INFO    [3927] CPU.percent  v=  9.20 av=  9.40
2022-08-18T09:18:00.001 INFO    [3927] MEM.percent  v= 45.50 av= 45.50
2022-08-18T09:18:00.002 INFO    [3927] TMP.percent  v=  1.10 av=  1.10
2022-08-18T09:19:00.000 INFO    [3927] CPU.percent  v= 10.30 av=  9.87
2022-08-18T09:19:00.001 INFO    [3927] MEM.percent  v= 45.50 av= 45.50
2022-08-18T09:19:00.001 INFO    [3927] TMP.percent  v=  1.10 av=  1.10
2022-08-18T09:20:00.000 INFO    [3927] CPU.percent  v= 12.80 av= 10.77
2022-08-18T09:20:00.001 INFO    [3927] MEM.percent  v= 45.50 av= 45.50
2022-08-18T09:20:00.007 INFO    [3927] CORE.temp  v= 52.75 av= 52.62
2022-08-18T09:20:00.008 INFO    [3927] TMP.percent  v=  1.10 av=  1.10
2022-08-18T09:21:00.000 INFO    [3927] CPU.percent  v= 13.90 av= 12.33
2022-08-18T09:21:00.001 INFO    [3927] MEM.percent  v= 45.50 av= 45.50
2022-08-18T09:21:00.002 INFO    [3927] TMP.percent  v=  1.10 av=  1.10
2022-08-18T09:22:00.000 INFO    [3927] CPU.percent  v= 12.50 av= 13.07
2022-08-18T09:22:00.001 INFO    [3927] MEM.percent  v= 45.50 av= 45.50
2022-08-18T09:22:00.001 INFO    [3927] TMP.percent  v=  1.10 av=  1.10
2022-08-18T09:23:00.001 INFO    [3927] CPU.percent  v=  9.70 av= 12.03
2022-08-18T09:23:00.001 INFO    [3927] MEM.percent  v= 45.50 av= 45.50
2022-08-18T09:23:00.002 INFO    [3927] TMP.percent  v=  1.10 av=  1.10
2022-08-18T09:24:00.000 INFO    [3927] CPU.percent  v= 10.70 av= 10.97
2022-08-18T09:24:00.001 INFO    [3927] MEM.percent  v= 45.50 av= 45.50
2022-08-18T09:24:00.001 INFO    [3927] TMP.percent  v=  1.10 av=  1.10
2022-08-18T09:25:00.000 INFO    [3927] CPU.percent  v=  8.60 av=  9.67
2022-08-18T09:25:00.001 INFO    [3927] MEM.percent  v= 45.50 av= 45.50
2022-08-18T09:25:00.007 INFO    [3927] CORE.temp  v= 52.75 av= 52.75
2022-08-18T09:25:00.008 INFO    [3927] TMP.percent  v=  1.10 av=  1.10
2022-08-18T09:26:00.000 INFO    [3927] CPU.percent  v= 12.50 av= 10.60
2022-08-18T09:26:00.001 INFO    [3927] MEM.percent  v= 45.90 av= 45.63
2022-08-18T09:26:00.001 INFO    [3927] TMP.percent  v=  1.10 av=  1.10
2022-08-18T09:27:00.000 INFO    [3927] CPU.percent  v= 33.50 av= 18.20
2022-08-18T09:27:00.001 INFO    [3927] MEM.percent  v= 47.40 av= 46.27
2022-08-18T09:27:00.001 INFO    [3927] TMP.percent  v=  1.10 av=  1.10
